<?xml version="1.0" encoding="UTF-8"?>
<testng-results skipped="0" failed="0" total="1" passed="1">
  <reporter-output>
  </reporter-output>
  <suite name="Default suite" duration-ms="16105" started-at="2015-02-27T20:30:25Z" finished-at="2015-02-27T20:30:41Z">
    <groups>
    </groups>
    <test name="Default test" duration-ms="16105" started-at="2015-02-27T20:30:25Z" finished-at="2015-02-27T20:30:41Z">
      <class name="martin_villarruel_automation_pages_tests.Tests">
        <test-method status="PASS" signature="before()[pri:0, instance:martin_villarruel_automation_pages_tests.Tests@e7a94c]" name="before" is-config="true" duration-ms="4330" started-at="2015-02-27T17:30:25Z" finished-at="2015-02-27T17:30:29Z">
          <reporter-output>
          </reporter-output>
        </test-method> <!-- before -->
        <test-method status="PASS" signature="contactUsFormIncomplete()[pri:0, instance:martin_villarruel_automation_pages_tests.Tests@e7a94c]" name="contactUsFormIncomplete" duration-ms="10730" started-at="2015-02-27T17:30:29Z" finished-at="2015-02-27T17:30:40Z">
          <reporter-output>
          </reporter-output>
        </test-method> <!-- contactUsFormIncomplete -->
        <test-method status="PASS" signature="after()[pri:0, instance:martin_villarruel_automation_pages_tests.Tests@e7a94c]" name="after" is-config="true" duration-ms="1032" started-at="2015-02-27T17:30:40Z" finished-at="2015-02-27T17:30:41Z">
          <reporter-output>
          </reporter-output>
        </test-method> <!-- after -->
      </class> <!-- martin_villarruel_automation_pages_tests.Tests -->
    </test> <!-- Default test -->
  </suite> <!-- Default suite -->
</testng-results>
