<?xml version="1.0" encoding="UTF-8"?>
<!-- Generated by org.testng.reporters.JUnitXMLReporter -->
<testsuite hostname="GLB5737" name="Default test" tests="2" failures="0" timestamp="2 Mar 2015 13:06:23 GMT" time="18.916" errors="0">
  <testcase name="howManyCalendarPostByDate" time="7.209" classname="martin_villarruel_automation_pages_tests.Tests"/>
  <testcase name="validatePageTittle" time="1.634" classname="martin_villarruel_automation_pages_tests.Tests"/>
</testsuite> <!-- Default test -->
