<?xml version="1.0" encoding="UTF-8"?>
<!-- Generated by org.testng.reporters.JUnitXMLReporter -->
<testsuite hostname="GLB5737" name="Default test" tests="4" failures="0" timestamp="2 Mar 2015 20:32:22 GMT" time="190.875" errors="0">
  <testcase name="logOut" time="55.687" classname="martin_villarruel_mod0_ej2_tests.Tests"/>
  <testcase name="singIn" time="52.785" classname="martin_villarruel_mod0_ej2_tests.Tests"/>
  <testcase name="verifyWrongMail" time="28.927" classname="martin_villarruel_mod0_ej2_tests.Tests"/>
  <testcase name="verifyWrongPass" time="27.872" classname="martin_villarruel_mod0_ej2_tests.Tests"/>
</testsuite> <!-- Default test -->
