<?xml version="1.0" encoding="UTF-8"?>
<!-- Generated by org.testng.reporters.JUnitXMLReporter -->
<testsuite hostname="GLB5737" name="Default test" tests="10" failures="0" timestamp="6 Mar 2015 14:47:34 GMT" time="904.08" errors="0">
  <testcase name="logOut" time="50.999" classname="martin_villarruel_mod0_ej2_tests.Tests"/>
  <testcase name="logedInFlightSearch" time="210.481" classname="martin_villarruel_mod0_ej2_tests.Tests"/>
  <testcase name="negativeSearchResults1" time="54.105" classname="martin_villarruel_mod0_ej2_tests.Tests"/>
  <testcase name="negativeSearchResults2" time="48.714" classname="martin_villarruel_mod0_ej2_tests.Tests"/>
  <testcase name="positiveSearchResults" time="55.748" classname="martin_villarruel_mod0_ej2_tests.Tests"/>
  <testcase name="searchForFly" time="167.919" classname="martin_villarruel_mod0_ej2_tests.Tests"/>
  <testcase name="searchForFlyAndHotel" time="124.72" classname="martin_villarruel_mod0_ej2_tests.Tests"/>
  <testcase name="singIn" time="48.176" classname="martin_villarruel_mod0_ej2_tests.Tests"/>
  <testcase name="verifyWrongMail" time="27.796" classname="martin_villarruel_mod0_ej2_tests.Tests"/>
  <testcase name="verifyWrongPass" time="28.929" classname="martin_villarruel_mod0_ej2_tests.Tests"/>
</testsuite> <!-- Default test -->
